\BOOKMARK [0][-]{rootNode.0}{Front Matter}{}% 1
\BOOKMARK [1][-]{a.1}{Title}{rootNode.0}% 2
\BOOKMARK [1][-]{b.1}{Dedication}{rootNode.0}% 3
\BOOKMARK [1][-]{c.1}{Acknowledgments}{rootNode.0}% 4
\BOOKMARK [1][-]{e.1}{Abstract}{rootNode.0}% 5
\BOOKMARK [0][-]{f.0}{Table of Contents}{}% 6
\BOOKMARK [0][-]{chapter.1}{1 Introduction}{}% 7
\BOOKMARK [0][-]{chapter.2}{2 AnaCoDa: Analyzing Codon Data with Bayesian mixture models}{}% 8
\BOOKMARK [1][-]{section.2.1}{2.1 Introduction}{chapter.2}% 9
\BOOKMARK [1][-]{section.2.2}{2.2 Features}{chapter.2}% 10
\BOOKMARK [1][-]{section.2.3}{2.3 Supplementary Material}{chapter.2}% 11
\BOOKMARK [2][-]{subsection.2.3.1}{2.3.1 The AnaCoDa framework}{section.2.3}% 12
\BOOKMARK [2][-]{subsection.2.3.2}{2.3.2 AnaCoDa setup}{section.2.3}% 13
\BOOKMARK [2][-]{subsection.2.3.3}{2.3.3 File formats}{section.2.3}% 14
\BOOKMARK [2][-]{subsection.2.3.4}{2.3.4 Analyzing and Visualizating results}{section.2.3}% 15
\BOOKMARK [0][-]{chapter.3}{3 Decomposing mutation and selection to identify mismatched codon usage}{}% 16
\BOOKMARK [1][-]{section.3.1}{3.1 Introduction}{chapter.3}% 17
\BOOKMARK [1][-]{section.3.2}{3.2 Results}{chapter.3}% 18
\BOOKMARK [2][-]{subsection.3.2.1}{3.2.1 Differences in the Endogenous and Exogenous Codon Usage}{section.3.2}% 19
\BOOKMARK [2][-]{subsection.3.2.2}{3.2.2 Determining Source of Exogenous Genes}{section.3.2}% 20
\BOOKMARK [2][-]{subsection.3.2.3}{3.2.3 Estimating Introgression Age}{section.3.2}% 21
\BOOKMARK [2][-]{subsection.3.2.4}{3.2.4 Genetic Load of the Exogenous Genes}{section.3.2}% 22
\BOOKMARK [1][-]{section.3.3}{3.3 Discussion}{chapter.3}% 23
\BOOKMARK [1][-]{section.3.4}{3.4 Materials and Methods}{chapter.3}% 24
\BOOKMARK [2][-]{subsection.3.4.1}{3.4.1 Separating endogenous and exogenous genes}{section.3.4}% 25
\BOOKMARK [2][-]{subsection.3.4.2}{3.4.2 Model Fitting with ROC SEMPPR}{section.3.4}% 26
\BOOKMARK [2][-]{subsection.3.4.3}{3.4.3 Comparing codon specific parameter estimates}{section.3.4}% 27
\BOOKMARK [2][-]{subsection.3.4.4}{3.4.4 Synteny}{section.3.4}% 28
\BOOKMARK [2][-]{subsection.3.4.5}{3.4.5 Determining introgression timeline}{section.3.4}% 29
\BOOKMARK [1][-]{section.3.5}{3.5 Acknowledgments}{chapter.3}% 30
\BOOKMARK [1][-]{section.3.6}{3.6 Supplementary Material}{chapter.3}% 31
